<?xml version="1.0" encoding="UTF-8"?>
<!-- Generated by org.testng.reporters.JUnitReportReporter -->
<testsuite hostname="KARTHICK" name="com.deasliwant.admin.tests.BookSlots" tests="2" failures="0" timestamp="14 Jul 2021 11:17:09 GMT" time="22.437" errors="0">
  <testcase name="verifyAtleastThreeSearchResults" time="9.803" classname="com.deasliwant.admin.tests.BookSlots"/>
  <testcase name="verifilterResults" time="12.634" classname="com.deasliwant.admin.tests.BookSlots"/>
</testsuite> <!-- com.deasliwant.admin.tests.BookSlots -->
