<?xml version="1.0" encoding="UTF-8"?>
<!-- Generated by org.testng.reporters.JUnitReportReporter -->
<testsuite hostname="Dibashs-MBP" failures="0" tests="2" name="com.mytime.tests.BookSlots" time="13.522" errors="0" timestamp="14 Jul 2021 13:08:20 GMT">
  <testcase classname="com.mytime.tests.BookSlots" name="verifilterResults" time="9.347"/>
  <testcase classname="com.mytime.tests.BookSlots" name="verifyAtleastThreeSearchResults" time="4.175"/>
</testsuite> <!-- com.mytime.tests.BookSlots -->
